<?xml version="1.0" encoding="UTF-8"?>
<!-- Generated by org.testng.reporters.JUnitXMLReporter -->
<testsuite hostname="ETOLBANOS" name="Default test" tests="6" failures="0" timestamp="3 Jul 2014 16:21:21 GMT" time="70.978" errors="0">
  <testcase name="Test" time="22.993" classname="demo.DB_demo"/>
  <testcase name="Test" time="9.509" classname="demo.DB_demo"/>
  <testcase name="Test" time="11.917" classname="demo.DB_demo"/>
  <testcase name="Test" time="8.61" classname="demo.DB_demo"/>
  <testcase name="Test" time="9.622" classname="demo.DB_demo"/>
  <testcase name="Test" time="8.289" classname="demo.DB_demo"/>
</testsuite> <!-- Default test -->
