<?xml version="1.0" encoding="UTF-8"?>
<testng-results skipped="0" failed="0" total="6" passed="6">
  <reporter-output>
  </reporter-output>
  <suite name="Default suite" duration-ms="60909" started-at="2014-07-07T18:48:00Z" finished-at="2014-07-07T18:49:01Z">
    <groups>
    </groups>
    <test name="Default test" duration-ms="60909" started-at="2014-07-07T18:48:00Z" finished-at="2014-07-07T18:49:01Z">
      <class name="demo.DB_demo">
        <test-method status="PASS" signature="setUp()[pri:0, instance:demo.DB_demo@1a4e5c0]" name="setUp" is-config="true" duration-ms="8" started-at="2014-07-07T15:48:00Z" finished-at="2014-07-07T15:48:00Z">
          <reporter-output>
          </reporter-output>
        </test-method> <!-- setUp -->
        <test-method status="PASS" signature="Test(java.lang.String)[pri:0, instance:demo.DB_demo@1a4e5c0]" name="Test" duration-ms="21297" started-at="2014-07-07T15:48:01Z" data-provider="myTest" finished-at="2014-07-07T15:48:22Z">
          <params>
            <param index="0">
              <value>
                <![CDATA[0013919ef52698a75bd4e729bf14212c6d4401fb]]>
              </value>
            </param>
          </params>
          <reporter-output>
          </reporter-output>
        </test-method> <!-- Test -->
        <test-method status="PASS" signature="Test(java.lang.String)[pri:0, instance:demo.DB_demo@1a4e5c0]" name="Test" duration-ms="7765" started-at="2014-07-07T15:48:22Z" data-provider="myTest" finished-at="2014-07-07T15:48:30Z">
          <params>
            <param index="0">
              <value>
                <![CDATA[29ac18610198a1062ed06baf5cc7a103eeffabcf]]>
              </value>
            </param>
          </params>
          <reporter-output>
          </reporter-output>
        </test-method> <!-- Test -->
        <test-method status="PASS" signature="Test(java.lang.String)[pri:0, instance:demo.DB_demo@1a4e5c0]" name="Test" duration-ms="7780" started-at="2014-07-07T15:48:30Z" data-provider="myTest" finished-at="2014-07-07T15:48:37Z">
          <params>
            <param index="0">
              <value>
                <![CDATA[d1e6e7c4862267937f11e78be32870d5cfcf7714]]>
              </value>
            </param>
          </params>
          <reporter-output>
          </reporter-output>
        </test-method> <!-- Test -->
        <test-method status="PASS" signature="Test(java.lang.String)[pri:0, instance:demo.DB_demo@1a4e5c0]" name="Test" duration-ms="7717" started-at="2014-07-07T15:48:37Z" data-provider="myTest" finished-at="2014-07-07T15:48:45Z">
          <params>
            <param index="0">
              <value>
                <![CDATA[0011a601480fbb078cefcf146ef74cb9eaed655b]]>
              </value>
            </param>
          </params>
          <reporter-output>
          </reporter-output>
        </test-method> <!-- Test -->
        <test-method status="PASS" signature="Test(java.lang.String)[pri:0, instance:demo.DB_demo@1a4e5c0]" name="Test" duration-ms="7830" started-at="2014-07-07T15:48:45Z" data-provider="myTest" finished-at="2014-07-07T15:48:53Z">
          <params>
            <param index="0">
              <value>
                <![CDATA[10878182]]>
              </value>
            </param>
          </params>
          <reporter-output>
          </reporter-output>
        </test-method> <!-- Test -->
        <test-method status="PASS" signature="Test(java.lang.String)[pri:0, instance:demo.DB_demo@1a4e5c0]" name="Test" duration-ms="8382" started-at="2014-07-07T15:48:53Z" data-provider="myTest" finished-at="2014-07-07T15:49:01Z">
          <params>
            <param index="0">
              <value>
                <![CDATA[08ab6615df962a7236cdde1c5698e2319a9f1f44]]>
              </value>
            </param>
          </params>
          <reporter-output>
          </reporter-output>
        </test-method> <!-- Test -->
      </class> <!-- demo.DB_demo -->
    </test> <!-- Default test -->
  </suite> <!-- Default suite -->
</testng-results>
